#
# There is insufficient memory for the Java Runtime Environment to continue.
# Native memory allocation (mmap) failed to map 266338304 bytes for Failed to commit area from 0x0000000702600000 to 0x0000000712400000 of length 266338304.
# Possible reasons:
#   The system is out of physical RAM or swap space
#   The process is running with CompressedOops enabled, and the Java Heap may be blocking the growth of the native heap
# Possible solutions:
#   Reduce memory load on the system
#   Increase physical memory or swap space
#   Check if swap backing store is full
#   Decrease Java heap size (-Xmx/-Xms)
#   Decrease number of Java threads
#   Decrease Java thread stack sizes (-Xss)
#   Set larger code cache with -XX:ReservedCodeCacheSize=
# This output file may be truncated or incomplete.
#
#  Out of Memory Error (./src/hotspot/os/windows/os_windows.cpp:3301), pid=21772, tid=16772
#
# JRE version:  (11.0.10) (build )
# Java VM: OpenJDK 64-Bit Server VM (11.0.10+0-b96-7249189, mixed mode, sharing, tiered, compressed oops, g1 gc, windows-amd64)
# No core dump will be written. Minidumps are not enabled by default on client versions of Windows
#

---------------  S U M M A R Y ------------

Command Line: org.jetbrains.git4idea.http.GitAskPassApp Username for 'https://github.com': 

Host: Intel(R) Core(TM) i3-8100 CPU @ 3.60GHz, 4 cores, 15G,  Windows 10 , 64 bit Build 19041 (10.0.19041.1348)
Time: Sat Mar 26 03:46:54 2022 Iran Daylight Time elapsed time: 0.045494 seconds (0d 0h 0m 0s)

---------------  T H R E A D  ---------------

Current thread (0x000001f550992800):  JavaThread "Unknown thread" [_thread_in_vm, id=16772, stack(0x0000006469200000,0x0000006469300000)]

Stack: [0x0000006469200000,0x0000006469300000]
Native frames: (J=compiled Java code, j=interpreted, Vv=VM code, C=native code)
V  [jvm.dll+0x5ecfaa]
V  [jvm.dll+0x722bd5]
V  [jvm.dll+0x72412d]
V  [jvm.dll+0x7247e3]
V  [jvm.dll+0x242928]
V  [jvm.dll+0x5ea374]
V  [jvm.dll+0x5df425]
V  [jvm.dll+0x2fdebb]
V  [jvm.dll+0x2fde2a]
V  [jvm.dll+0x2fdd02]
V  [jvm.dll+0x302bf6]
V  [jvm.dll+0x34b2a3]
V  [jvm.dll+0x34b9a6]
V  [jvm.dll+0x34b3a3]
V  [jvm.dll+0x2d8888]
V  [jvm.dll+0x2d9a37]
V  [jvm.dll+0x701737]
V  [jvm.dll+0x702f2c]
V  [jvm.dll+0x3587d9]
V  [jvm.dll+0x6e4fae]
V  [jvm.dll+0x3c0be3]
V  [jvm.dll+0x3c2e91]
C  [jli.dll+0x5373]
C  [ucrtbase.dll+0x21bb2]
C  [KERNEL32.DLL+0x17034]
C  [ntdll.dll+0x52651]


---------------  P R O C E S S  ---------------

Threads class SMR info:
_java_thread_list=0x000001f54e424d80, length=0, elements={
}

Java Threads: ( => current thread )

Other Threads:
  0x000001f5509a9000 GCTaskThread "GC Thread#0" [stack: 0x0000006469300000,0x0000006469400000] [id=20788]
  0x000001f550a05800 ConcurrentGCThread "G1 Main Marker" [stack: 0x0000006469400000,0x0000006469500000] [id=19656]
  0x000001f550a08000 ConcurrentGCThread "G1 Conc#0" [stack: 0x0000006469500000,0x0000006469600000] [id=20052]

[error occurred during error reporting (printing all threads), id 0xc0000005, EXCEPTION_ACCESS_VIOLATION (0xc0000005) at pc=0x00007ffb24bc9107]

VM state:not at safepoint (not fully initialized)

VM Mutex/Monitor currently owned by a thread:  ([mutex/lock_event])
[0x000001f55098f310] Heap_lock - owner thread: 0x000001f550992800

Heap address: 0x0000000702600000, size: 4058 MB, Compressed Oops mode: Non-zero based: 0x0000000702600000
Narrow klass base: 0x0000000000000000, Narrow klass shift: 0

GC Heap History (0 events):
No events

Deoptimization events (0 events):
No events

Classes redefined (0 events):
No events

Internal exceptions (0 events):
No events

Events (1 events):
Event: 0.011 Loaded shared library F:\studio\jre\bin\zip.dll


Dynamic libraries:
0x00007ff7c0960000 - 0x00007ff7c096a000 	F:\studio\jre\bin\java.exe
0x00007ffb90310000 - 0x00007ffb90505000 	C:\WINDOWS\SYSTEM32\ntdll.dll
0x00007ffb8f5d0000 - 0x00007ffb8f68e000 	C:\WINDOWS\System32\KERNEL32.DLL
0x00007ffb8ddf0000 - 0x00007ffb8e0b8000 	C:\WINDOWS\System32\KERNELBASE.dll
0x00007ffb8db00000 - 0x00007ffb8dc00000 	C:\WINDOWS\System32\ucrtbase.dll
0x00007ffb57c10000 - 0x00007ffb57c29000 	F:\studio\jre\bin\jli.dll
0x00007ffb56440000 - 0x00007ffb56457000 	F:\studio\jre\bin\VCRUNTIME140.dll
0x00007ffb8e5d0000 - 0x00007ffb8e771000 	C:\WINDOWS\System32\USER32.dll
0x00007ffb8da20000 - 0x00007ffb8da42000 	C:\WINDOWS\System32\win32u.dll
0x00007ffb67ce0000 - 0x00007ffb67f7a000 	C:\WINDOWS\WinSxS\amd64_microsoft.windows.common-controls_6595b64144ccf1df_6.0.19041.1110_none_60b5254171f9507e\COMCTL32.dll
0x00007ffb8fb60000 - 0x00007ffb8fb8b000 	C:\WINDOWS\System32\GDI32.dll
0x00007ffb8f3f0000 - 0x00007ffb8f48e000 	C:\WINDOWS\System32\msvcrt.dll
0x00007ffb8e160000 - 0x00007ffb8e26d000 	C:\WINDOWS\System32\gdi32full.dll
0x00007ffb8e0c0000 - 0x00007ffb8e15d000 	C:\WINDOWS\System32\msvcp_win.dll
0x00007ffb8f830000 - 0x00007ffb8f860000 	C:\WINDOWS\System32\IMM32.DLL
0x00007ffb52010000 - 0x00007ffb520b4000 	C:\Program Files\McAfee\Endpoint Security\Threat Prevention\Ips\EpMPApi.dll
0x00007ffb8f490000 - 0x00007ffb8f5ba000 	C:\WINDOWS\System32\RPCRT4.dll
0x00007ffb8f720000 - 0x00007ffb8f7cc000 	C:\WINDOWS\System32\ADVAPI32.dll
0x00007ffb8e780000 - 0x00007ffb8e81b000 	C:\WINDOWS\System32\sechost.dll
0x00007ffb8e2c0000 - 0x00007ffb8e320000 	C:\WINDOWS\System32\WINTRUST.dll
0x00007ffb8dc90000 - 0x00007ffb8dde6000 	C:\WINDOWS\System32\CRYPT32.dll
0x00007ffb8d530000 - 0x00007ffb8d542000 	C:\WINDOWS\SYSTEM32\MSASN1.dll
0x00000000635c0000 - 0x00000000635cc000 	C:\Program Files\McAfee\Endpoint Security\Threat Prevention\Ips\EpMPThe.dll
0x00007ffb51f80000 - 0x00007ffb51fd9000 	C:\Program Files\McAfee\Endpoint Security\Threat Prevention\Ips\HIPHandlers64.dll
0x00007ffb8fb90000 - 0x00007ffb8fbe5000 	C:\WINDOWS\System32\SHLWAPI.dll
0x00007ffb770c0000 - 0x00007ffb772a4000 	C:\WINDOWS\SYSTEM32\dbghelp.dll
0x00007ffb3ba00000 - 0x00007ffb3ba9d000 	F:\studio\jre\bin\msvcp140.dll
0x00007ffb248e0000 - 0x00007ffb253af000 	F:\studio\jre\bin\server\jvm.dll
0x00007ffb8e5c0000 - 0x00007ffb8e5c8000 	C:\WINDOWS\System32\PSAPI.DLL
0x00007ffb785f0000 - 0x00007ffb78617000 	C:\WINDOWS\SYSTEM32\WINMM.dll
0x00007ffb7a480000 - 0x00007ffb7a489000 	C:\WINDOWS\SYSTEM32\WSOCK32.dll
0x00007ffb88950000 - 0x00007ffb8895a000 	C:\WINDOWS\SYSTEM32\VERSION.dll
0x00007ffb8fcb0000 - 0x00007ffb8fd1b000 	C:\WINDOWS\System32\WS2_32.dll
0x00007ffb8b930000 - 0x00007ffb8b942000 	C:\WINDOWS\SYSTEM32\kernel.appcore.dll
0x00007ffb8a3e0000 - 0x00007ffb8a3f1000 	F:\studio\jre\bin\verify.dll
0x00007ffb755d0000 - 0x00007ffb755fc000 	C:\WINDOWS\SYSTEM32\dbgcore.DLL
0x00007ffb8dc00000 - 0x00007ffb8dc82000 	C:\WINDOWS\System32\bcryptPrimitives.dll
0x00007ffb7b7d0000 - 0x00007ffb7b7f9000 	F:\studio\jre\bin\java.dll
0x00007ffb887d0000 - 0x00007ffb887db000 	F:\studio\jre\bin\jimage.dll
0x00007ffb88260000 - 0x00007ffb88278000 	F:\studio\jre\bin\zip.dll

dbghelp: loaded successfully - version: 4.0.5 - missing functions: none
symbol engine: initialized successfully - sym options: 0x614 - pdb path: .;F:\studio\jre\bin;C:\WINDOWS\SYSTEM32;C:\WINDOWS\WinSxS\amd64_microsoft.windows.common-controls_6595b64144ccf1df_6.0.19041.1110_none_60b5254171f9507e;C:\Program Files\McAfee\Endpoint Security\Threat Prevention\Ips;F:\studio\jre\bin\server

VM Arguments:
java_command: org.jetbrains.git4idea.http.GitAskPassApp Username for 'https://github.com': 
java_class_path (initial): F:/studio/plugins/git4idea/lib/git4idea-rt.jar;F:/studio/lib/xmlrpc-2.0.1.jar;F:/studio/lib/commons-codec-1.14.jar
Launcher Type: SUN_STANDARD

[Global flags]
     intx CICompilerCount                          = 3                                         {product} {ergonomic}
     uint ConcGCThreads                            = 1                                         {product} {ergonomic}
     uint G1ConcRefinementThreads                  = 4                                         {product} {ergonomic}
   size_t G1HeapRegionSize                         = 1048576                                   {product} {ergonomic}
    uintx GCDrainStackTargetSize                   = 64                                        {product} {ergonomic}
   size_t InitialHeapSize                          = 266338304                                 {product} {ergonomic}
   size_t MarkStackSize                            = 4194304                                   {product} {ergonomic}
   size_t MaxHeapSize                              = 4255121408                                {product} {ergonomic}
   size_t MinHeapDeltaBytes                        = 1048576                                   {product} {ergonomic}
    uintx NonNMethodCodeHeapSize                   = 5830732                                {pd product} {ergonomic}
    uintx NonProfiledCodeHeapSize                  = 122913754                              {pd product} {ergonomic}
    uintx ProfiledCodeHeapSize                     = 122913754                              {pd product} {ergonomic}
    uintx ReservedCodeCacheSize                    = 251658240                              {pd product} {ergonomic}
     bool SegmentedCodeCache                       = true                                      {product} {ergonomic}
     bool UseCompressedClassPointers               = true                                 {lp64_product} {ergonomic}
     bool UseCompressedOops                        = true                                 {lp64_product} {ergonomic}
     bool UseG1GC                                  = true                                      {product} {ergonomic}
     bool UseLargePagesIndividualAllocation        = false                                  {pd product} {ergonomic}

Logging:
Log output configuration:
 #0: stdout all=warning uptime,level,tags
 #1: stderr all=off uptime,level,tags

Environment Variables:
JAVA_HOME=D:/Jdk
PATH=C:\Program Files\Git\mingw64\libexec\git-core;C:\Program Files\Git\mingw64\libexec\git-core;C:\Program Files\Git\mingw64\bin;C:\Program Files\Git\usr\bin;C:\Users\60137\bin;C:\Program Files\Common Files\Oracle\Java\javapath;E:\vmware\bin;C:\Program Files (x86)\Common Files\Oracle\Java\javapath;C:\WINDOWS\system32;C:\WINDOWS;C:\WINDOWS\System32\Wbem;C:\WINDOWS\System32\WindowsPowerShell\v1.0;C:\WINDOWS\System32\OpenSSH;C:\Program Files (x86)\Microsoft SQL Server\150\DTS\Binn;C:\Program Files\dotnet;C:\Program Files\Microsoft SQL Server\130\Tools\Binn;C:\Program Files\Microsoft SQL Server\Client SDK\ODBC\170\Tools\Binn;C:\Program Files\Common Files\Advantage;C:\Program Files (x86)\Microsoft SQL Server\150\Tools\Binn;C:\Program Files\Microsoft SQL Server\150\Tools\Binn;C:\Program Files\Microsoft SQL Server\150\DTS\Binn;C:\Users\60129\AppData\Local\Microsoft\WindowsApps;C:\Users\60129\AppData\Local\Programs\Fiddler;C:\adb;C:\Program Files\PowerShell\7;C:\Program Files\PuTTY;D:\Jdk;C:\Program Files\Azure Data Studio\bin;C:\Program Files (x86)\dotnet;C:\WINDOWS\system32;C:\WINDOWS;C:\WINDOWS\System32\Wbem;C:\WINDOWS\System32\WindowsPowerShell\v1.0;C:\WINDOWS\System32\OpenSSH;C:\Program Files\Git\cmd;C:\Users\60137\AppData\Local\Programs\Python\Python39\Scripts;C:\Users\60137\AppData\Local\Programs\Python\Python39;C:\Users\60137\AppData\Local\Microsoft\WindowsApps;C:\flutter\flutter\bin;F:\Programs\Microsoft VS Code\bin;C:\Users\60137\AppData\Local\atom\bin;D:\Jdk;C:\Users\60137\.dotnet\tools;C:\Users\60137\.dotnet\tools;C:\Program Files\Azure Data Studio\bin;C:\Users\60137\AppData\Local\Microsoft\WindowsApps
USERNAME=60137
DISPLAY=:0.0
LC_ALL=en_US.UTF-8
OS=Windows_NT
PROCESSOR_IDENTIFIER=Intel64 Family 6 Model 158 Stepping 11, GenuineIntel



---------------  S Y S T E M  ---------------

OS: Windows 10 , 64 bit Build 19041 (10.0.19041.1348)
OS uptime: 9 days 18:17 hours

CPU:total 4 (initial active 4) (4 cores per cpu, 1 threads per core) family 6 model 158 stepping 11 microcode 0xb4, cmov, cx8, fxsr, mmx, sse, sse2, sse3, ssse3, sse4.1, sse4.2, popcnt, avx, avx2, aes, clmul, erms, 3dnowpref, lzcnt, tsc, tscinvbit, bmi1, bmi2, adx, fma

Memory: 4k page, system-wide physical 16225M (2347M free)
TotalPageFile size 26226M (AvailPageFile size 211M)
current process WorkingSet (physical memory assigned to process): 11M, peak: 11M
current process commit charge ("private bytes"): 53M, peak: 306M

vm_info: OpenJDK 64-Bit Server VM (11.0.10+0-b96-7249189) for windows-amd64 JRE (11.0.10+0-b96-7249189), built on Mar 31 2021 21:44:00 by "builder" with MS VC++ 14.0 (VS2015)

END.
